[2022-02-21T22:31:51.509] [WARN] console - Incoming request (404 - Not Found): [POST] /api/user/session
[2022-02-26T18:47:45.304] [WARN] console - Incoming request (404 - Not Found): [GET] /user/session
[2022-02-26T18:47:45.306] [WARN] console - Incoming request (404 - Not Found): [GET] /favicon.ico
[2022-02-26T18:49:31.970] [WARN] console - Incoming request (404 - Not Found): [GET] /user/session
[2022-02-26T18:50:23.809] [WARN] console - Incoming request (404 - Not Found): [GET] /qwe
[2022-02-26T18:52:08.297] [WARN] console - Incoming request (404 - Not Found): [GET] /qwe
[2022-02-26T18:52:13.168] [WARN] console - Incoming request (404 - Not Found): [GET] /qwe
[2022-02-26T18:52:50.745] [WARN] console - Incoming request (404 - Not Found): [GET] /qwe
[2022-02-26T18:52:50.988] [WARN] console - Incoming request (404 - Not Found): [GET] /qwe
[2022-02-26T18:53:12.854] [WARN] console - Incoming request (404 - Not Found): [GET] /qwe
[2022-02-26T18:53:13.033] [WARN] console - Incoming request (404 - Not Found): [GET] /qwe
[2022-02-26T18:54:31.063] [WARN] console - Incoming request (404 - Not Found): [GET] /qwe
[2022-02-26T18:54:32.417] [WARN] console - Incoming request (404 - Not Found): [GET] /qwe
[2022-02-26T18:57:38.144] [WARN] console - Incoming request (404 - Not Found): [GET] /qwe
[2022-02-26T18:57:57.280] [WARN] console - Incoming request (404 - Not Found): [GET] /qwe
[2022-02-26T19:06:35.967] [WARN] console - Incoming request (404 - Not Found): [GET] /qwe
[2022-02-26T19:08:10.412] [WARN] console - Incoming request (404 - Not Found): [GET] /user/session
[2022-02-26T19:08:11.882] [WARN] console - Incoming request (404 - Not Found): [GET] /qwe
[2022-02-26T19:08:27.989] [WARN] console - Incoming request (404 - Not Found): [GET] /qwe
[2022-02-26T19:08:27.991] [WARN] console - Incoming request (404 - Not Found): [GET] /asdasd
[2022-02-26T19:08:55.903] [WARN] console - Incoming request (404 - Not Found): [GET] /qwe
[2022-02-26T19:08:55.907] [WARN] console - Incoming request (404 - Not Found): [GET] /asdasd
[2022-02-26T19:09:03.176] [WARN] console - Incoming request (404 - Not Found): [GET] /qwe
[2022-02-26T19:09:03.179] [WARN] console - Incoming request (404 - Not Found): [GET] /asdasd
[2022-02-26T19:09:07.166] [WARN] console - Incoming request (404 - Not Found): [GET] /qwe
[2022-02-26T19:09:07.169] [WARN] console - Incoming request (404 - Not Found): [GET] /asdasd
[2022-02-26T19:09:14.605] [WARN] console - Incoming request (404 - Not Found): [GET] /qwe
[2022-02-26T19:09:14.606] [WARN] console - Incoming request (404 - Not Found): [GET] /asdasd
